<?xml version="1.0" encoding="UTF-8"?>
<testng-results ignored="0" total="7" passed="7" failed="0" skipped="0">
  <reporter-output>
  </reporter-output>
  <suite started-at="2022-03-11T13:20:31 PKT" name="Default suite" finished-at="2022-03-11T13:22:25 PKT" duration-ms="114373">
    <groups>
    </groups>
    <test started-at="2022-03-11T13:20:31 PKT" name="Default test" finished-at="2022-03-11T13:22:25 PKT" duration-ms="114373">
      <class name="AndroidAppA.AppiumFramework.JobCreation">
        <test-method is-config="true" signature="setUp()[pri:0, instance:AndroidAppA.AppiumFramework.JobCreation@53ce1329]" started-at="2022-03-11T13:20:31 PKT" name="setUp" finished-at="2022-03-11T13:20:53 PKT" duration-ms="22569" status="PASS">
          <reporter-output>
          </reporter-output>
        </test-method> <!-- setUp -->
        <test-method signature="login()[pri:1, instance:AndroidAppA.AppiumFramework.JobCreation@53ce1329]" started-at="2022-03-11T13:20:53 PKT" name="login" finished-at="2022-03-11T13:21:25 PKT" duration-ms="31604" status="PASS">
          <reporter-output>
          </reporter-output>
        </test-method> <!-- login -->
        <test-method signature="luhfuStep1()[pri:2, instance:AndroidAppA.AppiumFramework.JobCreation@53ce1329]" started-at="2022-03-11T13:21:25 PKT" name="luhfuStep1" finished-at="2022-03-11T13:21:35 PKT" duration-ms="10272" status="PASS">
          <reporter-output>
          </reporter-output>
        </test-method> <!-- luhfuStep1 -->
        <test-method signature="luhfuStep2()[pri:3, instance:AndroidAppA.AppiumFramework.JobCreation@53ce1329]" started-at="2022-03-11T13:21:35 PKT" name="luhfuStep2" finished-at="2022-03-11T13:21:39 PKT" duration-ms="3456" status="PASS">
          <reporter-output>
          </reporter-output>
        </test-method> <!-- luhfuStep2 -->
        <test-method signature="luhfuStep3()[pri:4, instance:AndroidAppA.AppiumFramework.JobCreation@53ce1329]" started-at="2022-03-11T13:21:39 PKT" name="luhfuStep3" finished-at="2022-03-11T13:22:21 PKT" duration-ms="41955" status="PASS">
          <reporter-output>
          </reporter-output>
        </test-method> <!-- luhfuStep3 -->
        <test-method signature="luhfuStep4()[pri:5, instance:AndroidAppA.AppiumFramework.JobCreation@53ce1329]" started-at="2022-03-11T13:22:21 PKT" name="luhfuStep4" finished-at="2022-03-11T13:22:23 PKT" duration-ms="2080" status="PASS">
          <reporter-output>
          </reporter-output>
        </test-method> <!-- luhfuStep4 -->
        <test-method signature="luhfuStep5()[pri:6, instance:AndroidAppA.AppiumFramework.JobCreation@53ce1329]" started-at="2022-03-11T13:22:23 PKT" name="luhfuStep5" finished-at="2022-03-11T13:22:23 PKT" duration-ms="657" status="PASS">
          <reporter-output>
          </reporter-output>
        </test-method> <!-- luhfuStep5 -->
        <test-method signature="confirmationpopup()[pri:7, instance:AndroidAppA.AppiumFramework.JobCreation@53ce1329]" started-at="2022-03-11T13:22:23 PKT" name="confirmationpopup" finished-at="2022-03-11T13:22:25 PKT" duration-ms="1708" status="PASS">
          <reporter-output>
          </reporter-output>
        </test-method> <!-- confirmationpopup -->
      </class> <!-- AndroidAppA.AppiumFramework.JobCreation -->
    </test> <!-- Default test -->
  </suite> <!-- Default suite -->
</testng-results>
