<?xml version="1.0" encoding="UTF-8"?>
<!-- Generated by org.testng.reporters.JUnitXMLReporter -->
<testsuite ignored="0" hostname="DESKTOP-15R4I5T" failures="0" tests="7" name="Test" time="172.525" errors="0" timestamp="2021-11-29T17:04:04 PKT">
  <testcase classname="AndroidAppA.AppiumFramework.SmokeTestScenarios" name="login" time="64.475"/>
  <testcase classname="AndroidAppA.AppiumFramework.SmokeTestScenarios" name="profileManagement" time="7.338"/>
  <testcase classname="AndroidAppA.AppiumFramework.SmokeTestScenarios" name="homeAddressSetting" time="12.432"/>
  <testcase classname="AndroidAppA.AppiumFramework.SmokeTestScenarios" name="workAddressSetting" time="10.141"/>
  <testcase classname="AndroidAppA.AppiumFramework.SmokeTestScenarios" name="customAddressSetting" time="14.366"/>
  <testcase classname="AndroidAppA.AppiumFramework.SmokeTestScenarios" name="searchByCategory" time="39.503"/>
  <testcase classname="AndroidAppA.AppiumFramework.SmokeTestScenarios" name="searchByTyping" time="3.174"/>
</testsuite> <!-- Test -->
