<?xml version="1.0" encoding="UTF-8"?>
<!-- Generated by org.testng.reporters.JUnitXMLReporter -->
<testsuite ignored="0" hostname="DESKTOP-15R4I5T" failures="0" tests="17" name="Default test" time="54.371" errors="0" timestamp="2022-03-01T17:58:52 PKT">
  <testcase classname="AndroidAppA.AppiumFramework.HomeScreenTestCases" name="@AfterClass tearDown" time="0.0">
    <failure type="java.lang.NullPointerException">
      <![CDATA[java.lang.NullPointerException
at AndroidAppA.AppiumFramework.HomeScreenTestCases.tearDown(HomeScreenTestCases.java:323)
at java.base/jdk.internal.reflect.NativeMethodAccessorImpl.invoke0(Native Method)
at java.base/jdk.internal.reflect.NativeMethodAccessorImpl.invoke(NativeMethodAccessorImpl.java:62)
at java.base/jdk.internal.reflect.DelegatingMethodAccessorImpl.invoke(DelegatingMethodAccessorImpl.java:43)
at java.base/java.lang.reflect.Method.invoke(Method.java:566)
at org.testng.internal.MethodInvocationHelper.invokeMethod(MethodInvocationHelper.java:133)
at org.testng.internal.MethodInvocationHelper.invokeMethodConsideringTimeout(MethodInvocationHelper.java:62)
at org.testng.internal.ConfigInvoker.invokeConfigurationMethod(ConfigInvoker.java:385)
at org.testng.internal.ConfigInvoker.invokeConfigurations(ConfigInvoker.java:321)
at org.testng.internal.TestMethodWorker.invokeAfterClassMethods(TestMethodWorker.java:217)
at org.testng.internal.TestMethodWorker.run(TestMethodWorker.java:130)
at java.base/java.util.ArrayList.forEach(ArrayList.java:1541)
at org.testng.TestRunner.privateRun(TestRunner.java:794)
at org.testng.TestRunner.run(TestRunner.java:596)
at org.testng.SuiteRunner.runTest(SuiteRunner.java:377)
at org.testng.SuiteRunner.runSequentially(SuiteRunner.java:371)
at org.testng.SuiteRunner.privateRun(SuiteRunner.java:332)
at org.testng.SuiteRunner.run(SuiteRunner.java:276)
at org.testng.SuiteRunnerWorker.runSuite(SuiteRunnerWorker.java:53)
at org.testng.SuiteRunnerWorker.run(SuiteRunnerWorker.java:96)
at org.testng.TestNG.runSuitesSequentially(TestNG.java:1212)
at org.testng.TestNG.runSuitesLocally(TestNG.java:1134)
at org.testng.TestNG.runSuites(TestNG.java:1063)
at org.testng.TestNG.run(TestNG.java:1031)
at org.testng.remote.AbstractRemoteTestNG.run(AbstractRemoteTestNG.java:115)
at org.testng.remote.RemoteTestNG.initAndRun(RemoteTestNG.java:251)
at org.testng.remote.RemoteTestNG.main(RemoteTestNG.java:77)
]]>
    </failure>
  </testcase> <!-- @AfterClass tearDown -->
  <testcase classname="AndroidAppA.AppiumFramework.HomeScreenTestCases" name="verifyElectricianCategory" time="34.38"/>
  <testcase classname="AndroidAppA.AppiumFramework.HomeScreenTestCases" name="verifyHeatingAndCoolingCategory" time="0.094"/>
  <testcase classname="AndroidAppA.AppiumFramework.HomeScreenTestCases" name="verifyPlumberCategory" time="0.097"/>
  <testcase classname="AndroidAppA.AppiumFramework.HomeScreenTestCases" name="verifyElectronicsAndRepairCategory" time="0.099"/>
  <testcase classname="AndroidAppA.AppiumFramework.HomeScreenTestCases" name="verifyHandyManCategory" time="0.153"/>
  <testcase classname="AndroidAppA.AppiumFramework.HomeScreenTestCases" name="verifyPainterCategory" time="0.112"/>
  <testcase classname="AndroidAppA.AppiumFramework.HomeScreenTestCases" name="verifyCarpenterCategory" time="0.116"/>
  <testcase classname="AndroidAppA.AppiumFramework.HomeScreenTestCases" name="verifyGlassWorksCategory" time="0.088"/>
  <testcase classname="AndroidAppA.AppiumFramework.HomeScreenTestCases" name="verifyOtherCategory" time="0.092"/>
  <testcase classname="AndroidAppA.AppiumFramework.HomeScreenTestCases" name="verifyLuhfuBtn" time="0.101"/>
  <testcase classname="AndroidAppA.AppiumFramework.HomeScreenTestCases" name="verifyPopularServices" time="0.095"/>
  <testcase classname="AndroidAppA.AppiumFramework.HomeScreenTestCases" name="verifySearchTab" time="0.125"/>
  <testcase classname="AndroidAppA.AppiumFramework.HomeScreenTestCases" name="verifyFavouriteTab" time="0.113"/>
  <testcase classname="AndroidAppA.AppiumFramework.HomeScreenTestCases" name="verifyHiresTab" time="0.092"/>
  <testcase classname="AndroidAppA.AppiumFramework.HomeScreenTestCases" name="verifyFindAPro" time="0.105"/>
  <testcase classname="AndroidAppA.AppiumFramework.HomeScreenTestCases" name="verifyCurrentlyForLahoreOnly" time="0.089"/>
  <testcase classname="AndroidAppA.AppiumFramework.HomeScreenTestCases" name="verifyHomeFooter" time="0.07"/>
</testsuite> <!-- Default test -->
