<?xml version="1.0" encoding="UTF-8"?>
<!-- Generated by org.testng.reporters.JUnitXMLReporter -->
<testsuite ignored="0" hostname="DESKTOP-15R4I5T" failures="0" tests="8" name="Default test" time="181.889" errors="0" timestamp="2022-02-04T15:59:54 PKT">
  <testcase classname="AndroidAppA.AppiumFramework.SmokeTestScenarios" name="login" time="63.093"/>
  <testcase classname="AndroidAppA.AppiumFramework.SmokeTestScenarios" name="profileManagement" time="6.086"/>
  <testcase classname="AndroidAppA.AppiumFramework.SmokeTestScenarios" name="homeAddressSetting" time="13.894"/>
  <testcase classname="AndroidAppA.AppiumFramework.SmokeTestScenarios" name="workAddressSetting" time="10.836"/>
  <testcase classname="AndroidAppA.AppiumFramework.SmokeTestScenarios" name="customAddressSetting" time="15.86"/>
  <testcase classname="AndroidAppA.AppiumFramework.SmokeTestScenarios" name="searchByCategory" time="38.185"/>
  <testcase classname="AndroidAppA.AppiumFramework.SmokeTestScenarios" name="searchByTyping" time="3.239"/>
  <testcase classname="AndroidAppA.AppiumFramework.SmokeTestScenarios" name="callVendor" time="7.182"/>
</testsuite> <!-- Default test -->
